<?xml version="1.0" encoding="UTF-8"?>
<!-- Generated by org.testng.reporters.JUnitReportReporter -->
<testsuite hostname="My-Inspiron-7415" failures="0" tests="4" name="DataProviders.LearndataProvider" time="0.020" errors="0" timestamp="2024-05-13T14:24:54 AEST" skipped="0">
  <testcase classname="DataProviders.LearndataProvider" name="mytest" time="0.013"/>
  <system-out/>
  <testcase classname="DataProviders.LearndataProvider" name="mytest" time="0.003"/>
  <system-out/>
  <testcase classname="DataProviders.LearndataProvider" name="numberPrinting" time="0.002"/>
  <system-out/>
  <testcase classname="DataProviders.LearndataProvider" name="numberPrinting" time="0.002"/>
  <system-out/>
</testsuite> <!-- DataProviders.LearndataProvider -->
