<?xml version="1.0" encoding="UTF-8"?>
<!-- Generated by org.testng.reporters.JUnitReportReporter -->
<testsuite hostname="My-Inspiron-7415" failures="0" tests="1" name="PracticeSelenium.Excelreader" time="7.585" errors="0" timestamp="2024-05-15T14:20:08 AEST" skipped="0">
  <testcase classname="PracticeSelenium.Excelreader" name="sample" time="7.585"/>
  <system-out/>
</testsuite> <!-- PracticeSelenium.Excelreader -->
