<?xml version="1.0" encoding="UTF-8"?>
<!-- Generated by org.testng.reporters.JUnitReportReporter -->
<testsuite hostname="My-Inspiron-7415" failures="0" tests="3" name="LearnTestNG.Webtest" time="0.009" errors="0" timestamp="2024-05-02T14:58:17 AEST" skipped="0">
  <testcase classname="LearnTestNG.Webtest" name="priorityTest" time="0.004"/>
  <system-out/>
  <testcase classname="LearnTestNG.Webtest" name="firstWebTest" time="0.002"/>
  <system-out/>
  <testcase classname="LearnTestNG.Webtest" name="secondTest" time="0.003"/>
  <system-out/>
</testsuite> <!-- LearnTestNG.Webtest -->
