<?xml version="1.0" encoding="UTF-8"?>
<!-- Generated by org.testng.reporters.JUnitReportReporter -->
<testsuite hostname="My-Inspiron-7415" failures="0" tests="1" name="Assertions.LearningHardAssertion" time="0.021" errors="0" timestamp="2024-05-05T16:53:37 AEST" skipped="0">
  <testcase classname="Assertions.LearningHardAssertion" name="laernAssertion" time="0.021"/>
  <system-out/>
</testsuite> <!-- Assertions.LearningHardAssertion -->
