<?xml version="1.0" encoding="UTF-8"?>
<!-- Generated by org.testng.reporters.JUnitReportReporter -->
<testsuite hostname="My-Inspiron-7415" failures="0" tests="2" name="PracticeSelenium.DataproviderParactice" time="0.011" errors="0" timestamp="2024-05-02T16:25:52 AEST" skipped="0">
  <testcase classname="PracticeSelenium.DataproviderParactice" name="printing" time="0.003"/>
  <system-out/>
  <testcase classname="PracticeSelenium.DataproviderParactice" name="printing" time="0.008"/>
  <system-out/>
</testsuite> <!-- PracticeSelenium.DataproviderParactice -->
