<?xml version="1.0" encoding="UTF-8"?>
<!-- Generated by org.testng.reporters.JUnitReportReporter -->
<testsuite hostname="My-Inspiron-7415" failures="0" tests="1" name="LearnTestNG.GroupsLearning" time="0.001" errors="0" timestamp="2024-05-02T14:58:17 AEST" skipped="0">
  <testcase classname="LearnTestNG.GroupsLearning" name="firstMobileTesting" time="0.001"/>
  <system-out/>
</testsuite> <!-- LearnTestNG.GroupsLearning -->
