<?xml version="1.0" encoding="UTF-8"?>
<!-- Generated by org.testng.reporters.JUnitReportReporter -->
<testsuite hostname="My-Inspiron-7415" failures="0" tests="1" name="PracticeSelenium.TestngPractice" time="0.010" errors="0" timestamp="2024-05-01T12:29:23 AEST" skipped="0">
  <testcase classname="PracticeSelenium.TestngPractice" name="firstMobileTesting" time="0.010"/>
  <system-out/>
</testsuite> <!-- PracticeSelenium.TestngPractice -->
