<?xml version="1.0" encoding="UTF-8"?>
<!-- Generated by org.testng.reporters.JUnitReportReporter -->
<testsuite hostname="My-Inspiron-7415" failures="0" tests="1" name="LearnTestNG.GroupsLearning1" time="0.002" errors="0" timestamp="2024-05-02T14:58:17 AEST" skipped="0">
  <testcase classname="LearnTestNG.GroupsLearning1" name="secondMobileTesting" time="0.002"/>
  <system-out/>
</testsuite> <!-- LearnTestNG.GroupsLearning1 -->
