<?xml version="1.0" encoding="UTF-8"?>
<!-- Generated by org.testng.reporters.JUnitReportReporter -->
<testsuite hostname="My-Inspiron-7415" failures="0" tests="2" name="LearnTestNG.ParametersLearning" time="0.009" errors="0" timestamp="2024-05-02T14:58:49 AEST" skipped="0">
  <testcase classname="LearnTestNG.ParametersLearning" name="firstWebTest" time="0.007"/>
  <system-out/>
  <testcase classname="LearnTestNG.ParametersLearning" name="secondTest" time="0.002"/>
  <system-out/>
</testsuite> <!-- LearnTestNG.ParametersLearning -->
